<?xml version="1.0" encoding="UTF-8"?>
<testng-results skipped="0" failed="0" total="1" passed="1">
  <reporter-output>
  </reporter-output>
  <suite name="Suite" duration-ms="54083" started-at="2019-12-23T04:41:42Z" finished-at="2019-12-23T04:42:36Z">
    <groups>
    </groups>
    <test name="Test" duration-ms="54083" started-at="2019-12-23T04:41:42Z" finished-at="2019-12-23T04:42:36Z">
      <class name="DriverFactory.DriverScript">
        <test-method status="PASS" signature="ERP_Test()[pri:0, instance:DriverFactory.DriverScript@2fc14f68]" name="ERP_Test" duration-ms="54065" started-at="2019-12-23T10:11:42Z" finished-at="2019-12-23T10:12:36Z">
          <reporter-output>
          </reporter-output>
        </test-method> <!-- ERP_Test -->
      </class> <!-- DriverFactory.DriverScript -->
    </test> <!-- Test -->
  </suite> <!-- Suite -->
</testng-results>
